Arguments: 
  /home/dhruvil/.nvm/versions/node/v20.2.0/bin/node /home/dhruvil/.nvm/versions/node/v20.2.0/bin/yarn add socket.io socket.io-client

PATH: 
  /home/dhruvil/.nvm/versions/node/v20.2.0/bin:/usr/local/sbin:/usr/local/bin:/usr/sbin:/usr/bin:/sbin:/bin:/usr/games:/usr/local/games:/snap/bin:/snap/bin

Yarn version: 
  1.22.19

Node version: 
  20.2.0

Platform: 
  linux x64

Trace: 
  Error [ERR_SOCKET_CONNECTION_TIMEOUT]: Socket connection timeout
      at new NodeError (node:internal/errors:399:5)
      at internalConnectMultiple (node:net:1099:20)
      at Timeout.internalConnectMultipleTimeout (node:net:1638:3)
      at listOnTimeout (node:internal/timers:575:11)
      at process.processTimers (node:internal/timers:514:7)

npm manifest: 
  {
    "name": "demo",
    "version": "0.1.0",
    "private": true,
    "scripts": {
      "dev": "next dev",
      "build": "next build",
      "start": "next start",
      "lint": "next lint"
    },
    "dependencies": {
      "@types/node": "20.5.6",
      "@types/react": "18.2.21",
      "@types/react-dom": "18.2.7",
      "autoprefixer": "10.4.15",
      "eslint": "8.48.0",
      "eslint-config-next": "13.4.19",
      "next": "13.4.19",
      "postcss": "8.4.28",
      "react": "18.2.0",
      "react-dom": "18.2.0",
      "tailwindcss": "3.3.3",
      "typescript": "5.2.2"
    }
  }

yarn manifest: 
  No manifest

Lockfile: 
  No lockfile
